<?xml version="1.0" encoding="UTF-8"?>
<!-- Generated by org.testng.reporters.JUnitReportReporter -->
<testsuite hostname="life-VirtualBox" name="com.mycompany.calculator.jsf.maven.BasicTest" tests="1" failures="0" timestamp="7 Jun 2019 23:06:01 GMT" time="0.006" errors="0">
  <testcase name="testAdd" time="0.006" classname="com.mycompany.calculator.jsf.maven.BasicTest"/>
</testsuite> <!-- com.mycompany.calculator.jsf.maven.BasicTest -->
